<html>
<body>
<pre>
<h1>µVision Build Log</h1>
<h2>Project:</h2>
E:\manipal 1st sem academics\MCA-20211124T025151Z-001\MCA lpC lab\stepper_mtr_extintr\stepper_extrnintr.uvproj
Project File Date:  01/13/2022

<h2>Output:</h2>
Rebuild target 'Target 1'
assembling Startup.s...
compiling stepper_extrnintr.c...
stepper_extrnintr.c(69): warning:  #111-D: statement is unreachable
                        VICVectAddr = 0; // End of interrupt execution
stepper_extrnintr.c: 1 warning, 0 errors
linking...
Program Size: Code=1720 RO-data=32 RW-data=4 ZI-data=1260  
FromELF: creating hex file...
".\stepper_extrnintr.axf" - 0 Error(s), 1 Warning(s).
</pre>
</body>
</html>
                          delay;
stepper_extrnintr.c(17): error:  #20: identifier "z" is undefined
                                delay;
stepper_extrnintr.c(20): error:  #29: expected an expression
                                delay;
stepper_extrnintr.c(23): error:  #29: expected an expression
                                delay;
stepper_extrnintr.c(26): error:  #29: expected an expression
                                delay;
stepper_extrnintr.c(29): error:  #29: expected an expression
                                delay;
stepper_extrnintr.c(32): error:  #29: expected an expression
                                delay;
stepper_extrnintr.c(35): error:  #29: expected an expression
                                delay;
stepper_extrnintr.c(38): error:  #29: expected an expression
                                delay;          
stepper_extrnintr.c(41): error:  #29: expected an expression
                        delay;
stepper_extrnintr.c(41): error:  #20: identifier "z" is undefined
                        delay;
stepper_extrnintr.c(42): error:  #29: expected an expression
                        delay;
stepper_extrnintr.c(68): warning:  #111-D: statement is unreachable
                        VICVectAddr = 0; // End of interrupt execution
stepper_extrnintr.c: 1 warning, 14 errors
".\stepper_extrnintr.axf" - 14 Error(s), 1 Warning(s).
Target not created
compiling stepper_extrnintr.c...
stepper_extrnintr.c(18): error:  #29: expected an expression
                                delay;
stepper_extrnintr.c(18): error:  #20: identifier "z" is undefined
                                delay;
stepper_extrnintr.c(21): error:  #29: expected an expression
                                delay;
stepper_extrnintr.c(24): error:  #29: expected an expression
                                delay;
stepper_extrnintr.c(27): error:  #29: expected an expression
                                delay;
stepper_extrnintr.c(30): error:  #29: expected an expression
                                delay;
stepper_extrnintr.c(33): error:  #29: expected an expression
                                delay;
stepper_extrnintr.c(36): error:  #29: expected an expression
                                delay;
stepper_extrnintr.c(39): error:  #29: expected an expression
                                delay;          
stepper_extrnintr.c(42): error:  #29: expected an expression
                        delay;
stepper_extrnintr.c(42): error:  #20: identifier "z" is undefined
                        delay;
stepper_extrnintr.c(43): error:  #29: expected an expression
                        delay;
stepper_extrnintr.c(69): warning:  #111-D: statement is unreachable
                        VICVectAddr = 0; // End of interrupt execution
stepper_extrnintr.c: 1 warning, 12 errors
"stepper_extrnintr.c" - 12 Error(s), 1 Warning(s).
compiling stepper_extrnintr.c...
stepper_extrnintr.c(18): error:  #29: expected an expression
                                delay;
stepper_extrnintr.c(18): error:  #20: identifier "z" is undefined
                                delay;
stepper_extrnintr.c(21): error:  #29: expected an expression
                                delay;
stepper_extrnintr.c(24): error:  #29: expected an expression
                                delay;
stepper_extrnintr.c(27): error:  #29: expected an expression
                                delay;
stepper_extrnintr.c(30): error:  #29: expected an expression
                                delay;
stepper_extrnintr.c(33): error:  #29: expected an expression
                                delay;
stepper_extrnintr.c(36): error:  #29: expected an expression
                                delay;
stepper_extrnintr.c(39): error:  #29: expected an expression
                                delay;          
stepper_extrnintr.c(42): error:  #29: expected an expression
                        delay;
stepper_extrnintr.c(42): error:  #20: identifier "z" is undefined
                        delay;
stepper_extrnintr.c(43): error:  #29: expected an expression
                        delay;
stepper_extrnintr.c(69): warning:  #111-D: statement is unreachable
                        VICVectAddr = 0; // End of interrupt execution
stepper_extrnintr.c: 1 warning, 12 errors
"stepper_extrnintr.c" - 12 Error(s), 1 Warning(s).
compiling stepper_extrnintr.c...
stepper_extrnintr.c(69): warning:  #111-D: statement is unreachable
                        VICVectAddr = 0; // End of interrupt execution
stepper_extrnintr.c: 1 warning, 0 errors
"stepper_extrnintr.c" - 0 Error(s), 1 Warning(s).
